2021-12-08 18:50:45.767570: W tensorflow/stream_executor/platform/default/dso_loader.cc:59] Could not load dynamic library 'libcudart.so.10.1'; dlerror: libcudart.so.10.1: cannot open shared object file: No such file or directory
2021-12-08 18:50:45.767624: I tensorflow/stream_executor/cuda/cudart_stub.cc:29] Ignore above cudart dlerror if you do not have a GPU set up on your machine.
2021-12-08 18:50:47.492975: I tensorflow/core/platform/cpu_feature_guard.cc:142] This TensorFlow binary is optimized with oneAPI Deep Neural Network Library (oneDNN)to use the following CPU instructions in performance-critical operations:  AVX2 FMA
To enable them in other operations, rebuild TensorFlow with the appropriate compiler flags.
2021-12-08 18:50:47.523891: I tensorflow/core/platform/profile_utils/cpu_utils.cc:104] CPU Frequency: 2198800000 Hz
2021-12-08 18:50:47.526035: I tensorflow/compiler/xla/service/service.cc:168] XLA service 0x26b0b70 initialized for platform Host (this does not guarantee that XLA will be used). Devices:
2021-12-08 18:50:47.526058: I tensorflow/compiler/xla/service/service.cc:176]   StreamExecutor device (0): Host, Default Version
2021-12-08 18:50:47.528212: I tensorflow/stream_executor/platform/default/dso_loader.cc:48] Successfully opened dynamic library libcuda.so.1
2021-12-08 18:50:49.176762: I tensorflow/compiler/xla/service/service.cc:168] XLA service 0x241b9c0 initialized for platform CUDA (this does not guarantee that XLA will be used). Devices:
2021-12-08 18:50:49.176818: I tensorflow/compiler/xla/service/service.cc:176]   StreamExecutor device (0): Tesla V100-DGXS-32GB, Compute Capability 7.0
2021-12-08 18:50:49.176831: I tensorflow/compiler/xla/service/service.cc:176]   StreamExecutor device (1): Tesla V100-DGXS-32GB, Compute Capability 7.0
2021-12-08 18:50:49.176840: I tensorflow/compiler/xla/service/service.cc:176]   StreamExecutor device (2): Tesla V100-DGXS-32GB, Compute Capability 7.0
2021-12-08 18:50:49.176850: I tensorflow/compiler/xla/service/service.cc:176]   StreamExecutor device (3): Tesla V100-DGXS-32GB, Compute Capability 7.0
2021-12-08 18:50:49.182636: I tensorflow/core/common_runtime/gpu/gpu_device.cc:1716] Found device 0 with properties: 
pciBusID: 0000:07:00.0 name: Tesla V100-DGXS-32GB computeCapability: 7.0
coreClock: 1.53GHz coreCount: 80 deviceMemorySize: 31.71GiB deviceMemoryBandwidth: 836.37GiB/s
2021-12-08 18:50:49.186162: I tensorflow/core/common_runtime/gpu/gpu_device.cc:1716] Found device 1 with properties: 
pciBusID: 0000:08:00.0 name: Tesla V100-DGXS-32GB computeCapability: 7.0
coreClock: 1.53GHz coreCount: 80 deviceMemorySize: 31.72GiB deviceMemoryBandwidth: 836.37GiB/s
2021-12-08 18:50:49.189428: I tensorflow/core/common_runtime/gpu/gpu_device.cc:1716] Found device 2 with properties: 
pciBusID: 0000:0e:00.0 name: Tesla V100-DGXS-32GB computeCapability: 7.0
coreClock: 1.53GHz coreCount: 80 deviceMemorySize: 31.72GiB deviceMemoryBandwidth: 836.37GiB/s
2021-12-08 18:50:49.191656: I tensorflow/core/common_runtime/gpu/gpu_device.cc:1716] Found device 3 with properties: 
pciBusID: 0000:0f:00.0 name: Tesla V100-DGXS-32GB computeCapability: 7.0
coreClock: 1.53GHz coreCount: 80 deviceMemorySize: 31.72GiB deviceMemoryBandwidth: 836.37GiB/s
2021-12-08 18:50:49.191880: W tensorflow/stream_executor/platform/default/dso_loader.cc:59] Could not load dynamic library 'libcudart.so.10.1'; dlerror: libcudart.so.10.1: cannot open shared object file: No such file or directory
2021-12-08 18:50:49.192010: W tensorflow/stream_executor/platform/default/dso_loader.cc:59] Could not load dynamic library 'libcublas.so.10'; dlerror: libcublas.so.10: cannot open shared object file: No such file or directory
2021-12-08 18:50:49.192103: W tensorflow/stream_executor/platform/default/dso_loader.cc:59] Could not load dynamic library 'libcufft.so.10'; dlerror: libcufft.so.10: cannot open shared object file: No such file or directory
2021-12-08 18:50:49.192195: W tensorflow/stream_executor/platform/default/dso_loader.cc:59] Could not load dynamic library 'libcurand.so.10'; dlerror: libcurand.so.10: cannot open shared object file: No such file or directory
2021-12-08 18:50:49.192323: W tensorflow/stream_executor/platform/default/dso_loader.cc:59] Could not load dynamic library 'libcusolver.so.10'; dlerror: libcusolver.so.10: cannot open shared object file: No such file or directory
2021-12-08 18:50:49.192415: W tensorflow/stream_executor/platform/default/dso_loader.cc:59] Could not load dynamic library 'libcusparse.so.10'; dlerror: libcusparse.so.10: cannot open shared object file: No such file or directory
2021-12-08 18:50:49.196139: I tensorflow/stream_executor/platform/default/dso_loader.cc:48] Successfully opened dynamic library libcudnn.so.7
2021-12-08 18:50:49.196166: W tensorflow/core/common_runtime/gpu/gpu_device.cc:1753] Cannot dlopen some GPU libraries. Please make sure the missing libraries mentioned above are installed properly if you would like to use GPU. Follow the guide at https://www.tensorflow.org/install/gpu for how to download and setup the required libraries for your platform.
Skipping registering GPU devices...
2021-12-08 18:50:49.196205: I tensorflow/core/common_runtime/gpu/gpu_device.cc:1257] Device interconnect StreamExecutor with strength 1 edge matrix:
2021-12-08 18:50:49.196217: I tensorflow/core/common_runtime/gpu/gpu_device.cc:1263]      0 1 2 3 
2021-12-08 18:50:49.196225: I tensorflow/core/common_runtime/gpu/gpu_device.cc:1276] 0:   N Y Y Y 
2021-12-08 18:50:49.196231: I tensorflow/core/common_runtime/gpu/gpu_device.cc:1276] 1:   Y N Y Y 
2021-12-08 18:50:49.196237: I tensorflow/core/common_runtime/gpu/gpu_device.cc:1276] 2:   Y Y N Y 
2021-12-08 18:50:49.196243: I tensorflow/core/common_runtime/gpu/gpu_device.cc:1276] 3:   Y Y Y N 
WARNING: Logging before flag parsing goes to stderr.
W1208 18:50:50.343592 140218709743424 deprecation.py:506] From /home/yeunglab/.local/lib/python3.6/site-packages/tensorflow/python/training/adagrad.py:77: calling Constant.__init__ (from tensorflow.python.ops.init_ops) with dtype is deprecated and will be removed in a future version.
Instructions for updating:
Call initializer instance with the dtype argument instead of passing it to the constructor
W1208 18:51:28.086023 140218709743424 legend.py:1282] No handles with labels found to put in legend.
W1208 18:52:05.289019 140218709743424 legend.py:1282] No handles with labels found to put in legend.
W1208 18:52:42.491881 140218709743424 legend.py:1282] No handles with labels found to put in legend.
W1208 18:53:20.018286 140218709743424 legend.py:1282] No handles with labels found to put in legend.
W1208 18:53:58.190678 140218709743424 legend.py:1282] No handles with labels found to put in legend.
W1208 18:54:36.525948 140218709743424 legend.py:1282] No handles with labels found to put in legend.
W1208 18:55:14.448456 140218709743424 legend.py:1282] No handles with labels found to put in legend.
W1208 18:55:51.960232 140218709743424 legend.py:1282] No handles with labels found to put in legend.
W1208 18:56:30.201259 140218709743424 legend.py:1282] No handles with labels found to put in legend.
W1208 18:57:07.975906 140218709743424 legend.py:1282] No handles with labels found to put in legend.
W1208 18:57:46.005648 140218709743424 legend.py:1282] No handles with labels found to put in legend.
W1208 18:58:24.101949 140218709743424 legend.py:1282] No handles with labels found to put in legend.
W1208 18:59:02.288360 140218709743424 legend.py:1282] No handles with labels found to put in legend.
W1208 18:59:39.602721 140218709743424 legend.py:1282] No handles with labels found to put in legend.
W1208 19:00:16.949846 140218709743424 legend.py:1282] No handles with labels found to put in legend.
W1208 19:00:54.638538 140218709743424 legend.py:1282] No handles with labels found to put in legend.
W1208 19:01:32.552718 140218709743424 legend.py:1282] No handles with labels found to put in legend.
W1208 19:02:10.047209 140218709743424 legend.py:1282] No handles with labels found to put in legend.
W1208 19:02:48.110787 140218709743424 legend.py:1282] No handles with labels found to put in legend.
W1208 19:03:25.370093 140218709743424 legend.py:1282] No handles with labels found to put in legend.
W1208 19:04:03.324811 140218709743424 legend.py:1282] No handles with labels found to put in legend.
W1208 19:04:41.553418 140218709743424 legend.py:1282] No handles with labels found to put in legend.
W1208 19:05:19.698029 140218709743424 legend.py:1282] No handles with labels found to put in legend.
W1208 19:05:57.412126 140218709743424 legend.py:1282] No handles with labels found to put in legend.
W1208 19:06:35.637757 140218709743424 legend.py:1282] No handles with labels found to put in legend.
W1208 19:07:13.032256 140218709743424 legend.py:1282] No handles with labels found to put in legend.
W1208 19:07:50.550586 140218709743424 legend.py:1282] No handles with labels found to put in legend.
W1208 19:08:28.014597 140218709743424 legend.py:1282] No handles with labels found to put in legend.
W1208 19:09:05.814929 140218709743424 legend.py:1282] No handles with labels found to put in legend.
W1208 19:09:43.653742 140218709743424 legend.py:1282] No handles with labels found to put in legend.
W1208 19:10:21.988764 140218709743424 legend.py:1282] No handles with labels found to put in legend.
W1208 19:11:00.281754 140218709743424 legend.py:1282] No handles with labels found to put in legend.
W1208 19:11:38.583807 140218709743424 legend.py:1282] No handles with labels found to put in legend.
W1208 19:12:16.873172 140218709743424 legend.py:1282] No handles with labels found to put in legend.
W1208 19:12:54.993062 140218709743424 legend.py:1282] No handles with labels found to put in legend.
W1208 19:13:33.052077 140218709743424 legend.py:1282] No handles with labels found to put in legend.
W1208 19:14:11.368928 140218709743424 legend.py:1282] No handles with labels found to put in legend.
W1208 19:14:49.401717 140218709743424 legend.py:1282] No handles with labels found to put in legend.
W1208 19:15:27.709475 140218709743424 legend.py:1282] No handles with labels found to put in legend.
W1208 19:16:05.262679 140218709743424 legend.py:1282] No handles with labels found to put in legend.
W1208 19:16:43.075380 140218709743424 legend.py:1282] No handles with labels found to put in legend.
W1208 19:17:20.913971 140218709743424 legend.py:1282] No handles with labels found to put in legend.
W1208 19:17:58.749995 140218709743424 legend.py:1282] No handles with labels found to put in legend.
W1208 19:18:36.571323 140218709743424 legend.py:1282] No handles with labels found to put in legend.
W1208 19:19:14.330240 140218709743424 legend.py:1282] No handles with labels found to put in legend.
W1208 19:19:52.130009 140218709743424 legend.py:1282] No handles with labels found to put in legend.
W1208 19:20:30.396948 140218709743424 legend.py:1282] No handles with labels found to put in legend.
W1208 19:21:07.776742 140218709743424 legend.py:1282] No handles with labels found to put in legend.
[INFO] Number of total samples: 631
[INFO] Observable dimension of a sample: 2
[INFO] Yp.shape (E-DMD): (631, 2)
[INFO] Yf.shape (E-DMD): (631, 2)
Number of training snapshots: 315
Number of test snapshots: 316
[INFO] hidden_vars_list: array([40, 40, 40, 40, 40, 40, 40, 40, 40, 40, 20])
[INFO] Current n-step prediction error (not used for gradient descent/backprop): 0.400451
step 5000 , validation error 0.203224
step 5000 , test error 0.172895
[INFO] Current n-step prediction error (not used for gradient descent/backprop): 0.454953
step 10000 , validation error 0.152583
step 10000 , test error 0.152598
[INFO] Current n-step prediction error (not used for gradient descent/backprop): 0.403810
step 15000 , validation error 0.15115
step 15000 , test error 0.102312
[INFO] Current n-step prediction error (not used for gradient descent/backprop): 0.544538
step 20000 , validation error 0.12904
step 20000 , test error 0.0915601
[INFO] Current n-step prediction error (not used for gradient descent/backprop): 0.410653
step 25000 , validation error 0.144037
step 25000 , test error 0.0937416
[INFO] Current n-step prediction error (not used for gradient descent/backprop): 0.452349
step 30000 , validation error 0.118361
step 30000 , test error 0.0879029
[INFO] Current n-step prediction error (not used for gradient descent/backprop): 0.562108
step 35000 , validation error 0.111387
step 35000 , test error 0.0913751
[INFO] Current n-step prediction error (not used for gradient descent/backprop): 0.437444
step 40000 , validation error 0.0993674
step 40000 , test error 0.0632555
[INFO] Current n-step prediction error (not used for gradient descent/backprop): 0.417451
step 45000 , validation error 0.103966
step 45000 , test error 0.0751415
[INFO] Current n-step prediction error (not used for gradient descent/backprop): 0.409370
step 50000 , validation error 0.095071
step 50000 , test error 0.0645461
[INFO] Current n-step prediction error (not used for gradient descent/backprop): 0.362297
step 55000 , validation error 0.110015
step 55000 , test error 0.0647746
[INFO] Current n-step prediction error (not used for gradient descent/backprop): 0.390504
step 60000 , validation error 0.105304
step 60000 , test error 0.0686
[INFO] Current n-step prediction error (not used for gradient descent/backprop): 0.552135
step 65000 , validation error 0.105937
step 65000 , test error 0.0657283
[INFO] Current n-step prediction error (not used for gradient descent/backprop): 0.449933
step 70000 , validation error 0.10658
step 70000 , test error 0.0654951
[INFO] Current n-step prediction error (not used for gradient descent/backprop): 0.427690
step 75000 , validation error 0.106998
step 75000 , test error 0.0641885
[INFO] Current n-step prediction error (not used for gradient descent/backprop): 0.379966
step 80000 , validation error 0.0968633
step 80000 , test error 0.0568994
[INFO] Current n-step prediction error (not used for gradient descent/backprop): 0.532829
step 85000 , validation error 0.109865
step 85000 , test error 0.0779077
[INFO] Current n-step prediction error (not used for gradient descent/backprop): 0.558376
step 90000 , validation error 0.0966235
step 90000 , test error 0.056363
[INFO] Current n-step prediction error (not used for gradient descent/backprop): 0.495607
step 95000 , validation error 0.091967
step 95000 , test error 0.0554358
[INFO] Current n-step prediction error (not used for gradient descent/backprop): 0.521848
step 100000 , validation error 0.0899246
step 100000 , test error 0.0516956
[INFO] Current n-step prediction error (not used for gradient descent/backprop): 0.420560
step 105000 , validation error 0.0947975
step 105000 , test error 0.0510844
[INFO] Current n-step prediction error (not used for gradient descent/backprop): 0.376660
step 110000 , validation error 0.105855
step 110000 , test error 0.0587548
[INFO] Current n-step prediction error (not used for gradient descent/backprop): 0.530536
step 115000 , validation error 0.103751
step 115000 , test error 0.0575425
[INFO] Current n-step prediction error (not used for gradient descent/backprop): 0.454073
step 120000 , validation error 0.104687
step 120000 , test error 0.0588457
[INFO] Current n-step prediction error (not used for gradient descent/backprop): 0.601591
step 125000 , validation error 0.0903525
step 125000 , test error 0.0569614
[INFO] Current n-step prediction error (not used for gradient descent/backprop): 0.464371
step 130000 , validation error 0.0945082
step 130000 , test error 0.0549656
[INFO] Current n-step prediction error (not used for gradient descent/backprop): 0.509064
step 135000 , validation error 0.0979727
step 135000 , test error 0.0522343
[INFO] Current n-step prediction error (not used for gradient descent/backprop): 0.541475
step 140000 , validation error 0.0912303
step 140000 , test error 0.0605417
[INFO] Current n-step prediction error (not used for gradient descent/backprop): 0.516352
step 145000 , validation error 0.0981671
step 145000 , test error 0.0495586
[INFO] Current n-step prediction error (not used for gradient descent/backprop): 0.502387
step 150000 , validation error 0.0955119
step 150000 , test error 0.0508321
[INFO] Current n-step prediction error (not used for gradient descent/backprop): 0.437872
step 155000 , validation error 0.0929353
step 155000 , test error 0.0538239
[INFO] Current n-step prediction error (not used for gradient descent/backprop): 0.536570
step 160000 , validation error 0.100886
step 160000 , test error 0.0659047
[INFO] Current n-step prediction error (not used for gradient descent/backprop): 0.375586
step 165000 , validation error 0.0847455
step 165000 , test error 0.0566022
[INFO] Current n-step prediction error (not used for gradient descent/backprop): 0.496463
step 170000 , validation error 0.0880473
step 170000 , test error 0.0483104
[INFO] Current n-step prediction error (not used for gradient descent/backprop): 0.645837
step 175000 , validation error 0.0938241
step 175000 , test error 0.0513732
[INFO] Current n-step prediction error (not used for gradient descent/backprop): 0.588724
step 180000 , validation error 0.0948912
step 180000 , test error 0.0494547
[INFO] Current n-step prediction error (not used for gradient descent/backprop): 0.669752
step 185000 , validation error 0.0969778
step 185000 , test error 0.0592169
[INFO] Current n-step prediction error (not used for gradient descent/backprop): 0.642217
step 190000 , validation error 0.0904946
step 190000 , test error 0.0489574
[INFO] Current n-step prediction error (not used for gradient descent/backprop): 0.545619
step 195000 , validation error 0.0913737
step 195000 , test error 0.0558944
[INFO] Current n-step prediction error (not used for gradient descent/backprop): 0.643069
step 200000 , validation error 0.0883703
step 200000 , test error 0.0522659
[INFO] Current n-step prediction error (not used for gradient descent/backprop): 0.548706
step 205000 , validation error 0.0976628
step 205000 , test error 0.0548719
[INFO] Current n-step prediction error (not used for gradient descent/backprop): 0.548406
step 210000 , validation error 0.0940201
step 210000 , test error 0.0486431
[INFO] Current n-step prediction error (not used for gradient descent/backprop): 0.515652
step 215000 , validation error 0.0979346
step 215000 , test error 0.0485364
[INFO] Current n-step prediction error (not used for gradient descent/backprop): 0.546623
step 220000 , validation error 0.0891889
step 220000 , test error 0.0674078
[INFO] Current n-step prediction error (not used for gradient descent/backprop): 0.520751
step 225000 , validation error 0.0914336
step 225000 , test error 0.0531405
[INFO] Current n-step prediction error (not used for gradient descent/backprop): 0.505829
step 230000 , validation error 0.0914772
step 230000 , test error 0.0483982
[INFO] Current n-step prediction error (not used for gradient descent/backprop): 0.665955
step 235000 , validation error 0.0910581
step 235000 , test error 0.0459458
[INFO] Current n-step prediction error (not used for gradient descent/backprop): 0.547026
step 240000 , validation error 0.0902296
step 240000 , test error 0.0472277
[INFO] Current n-step prediction error (not used for gradient descent/backprop): 0.660051W1208 19:21:45.932750 140218709743424 legend.py:1282] No handles with labels found to put in legend.
W1208 19:22:23.260923 140218709743424 legend.py:1282] No handles with labels found to put in legend.
W1208 19:23:01.309015 140218709743424 legend.py:1282] No handles with labels found to put in legend.
W1208 19:23:38.638694 140218709743424 legend.py:1282] No handles with labels found to put in legend.
W1208 19:24:16.280736 140218709743424 legend.py:1282] No handles with labels found to put in legend.
W1208 19:24:54.437517 140218709743424 legend.py:1282] No handles with labels found to put in legend.
W1208 19:25:32.217335 140218709743424 legend.py:1282] No handles with labels found to put in legend.
W1208 19:26:09.880472 140218709743424 legend.py:1282] No handles with labels found to put in legend.
W1208 19:26:46.776353 140218709743424 legend.py:1282] No handles with labels found to put in legend.
W1208 19:27:24.313065 140218709743424 legend.py:1282] No handles with labels found to put in legend.
W1208 19:28:02.606115 140218709743424 legend.py:1282] No handles with labels found to put in legend.
W1208 19:28:40.131664 140218709743424 legend.py:1282] No handles with labels found to put in legend.
W1208 19:29:17.100601 140218709743424 legend.py:1282] No handles with labels found to put in legend.
W1208 19:29:54.412302 140218709743424 legend.py:1282] No handles with labels found to put in legend.
W1208 19:30:32.502257 140218709743424 legend.py:1282] No handles with labels found to put in legend.
W1208 19:31:10.804208 140218709743424 legend.py:1282] No handles with labels found to put in legend.
W1208 19:31:49.105830 140218709743424 legend.py:1282] No handles with labels found to put in legend.
W1208 19:32:27.623729 140218709743424 legend.py:1282] No handles with labels found to put in legend.
W1208 19:33:05.517240 140218709743424 legend.py:1282] No handles with labels found to put in legend.
W1208 19:33:43.049251 140218709743424 legend.py:1282] No handles with labels found to put in legend.
W1208 19:34:20.375171 140218709743424 legend.py:1282] No handles with labels found to put in legend.
W1208 19:34:58.356752 140218709743424 legend.py:1282] No handles with labels found to put in legend.
W1208 19:35:36.134142 140218709743424 legend.py:1282] No handles with labels found to put in legend.
W1208 19:36:13.350127 140218709743424 legend.py:1282] No handles with labels found to put in legend.
W1208 19:36:50.668509 140218709743424 legend.py:1282] No handles with labels found to put in legend.
W1208 19:37:27.864246 140218709743424 legend.py:1282] No handles with labels found to put in legend.
W1208 19:38:05.889375 140218709743424 legend.py:1282] No handles with labels found to put in legend.
W1208 19:38:43.389470 140218709743424 legend.py:1282] No handles with labels found to put in legend.
W1208 19:39:21.733732 140218709743424 legend.py:1282] No handles with labels found to put in legend.
W1208 19:39:59.660882 140218709743424 legend.py:1282] No handles with labels found to put in legend.
W1208 19:40:36.783923 140218709743424 legend.py:1282] No handles with labels found to put in legend.
W1208 19:41:14.609930 140218709743424 legend.py:1282] No handles with labels found to put in legend.
W1208 19:41:52.403634 140218709743424 legend.py:1282] No handles with labels found to put in legend.
W1208 19:42:30.089300 140218709743424 legend.py:1282] No handles with labels found to put in legend.
W1208 19:43:07.127914 140218709743424 legend.py:1282] No handles with labels found to put in legend.
W1208 19:43:44.873884 140218709743424 legend.py:1282] No handles with labels found to put in legend.
W1208 19:44:22.950099 140218709743424 legend.py:1282] No handles with labels found to put in legend.
W1208 19:45:00.869179 140218709743424 legend.py:1282] No handles with labels found to put in legend.
W1208 19:45:37.237806 140218709743424 legend.py:1282] No handles with labels found to put in legend.
W1208 19:46:15.032585 140218709743424 legend.py:1282] No handles with labels found to put in legend.
W1208 19:46:52.587462 140218709743424 legend.py:1282] No handles with labels found to put in legend.
W1208 19:47:29.877655 140218709743424 legend.py:1282] No handles with labels found to put in legend.
W1208 19:48:07.643542 140218709743424 legend.py:1282] No handles with labels found to put in legend.
W1208 19:48:45.036238 140218709743424 legend.py:1282] No handles with labels found to put in legend.
W1208 19:49:21.774645 140218709743424 legend.py:1282] No handles with labels found to put in legend.
W1208 19:49:59.924281 140218709743424 legend.py:1282] No handles with labels found to put in legend.
W1208 19:50:37.702673 140218709743424 legend.py:1282] No handles with labels found to put in legend.
W1208 19:51:15.297370 140218709743424 legend.py:1282] No handles with labels found to put in legend.
W1208 19:51:53.289210 140218709743424 legend.py:1282] No handles with labels found to put in legend.
W1208 19:52:31.202384 140218709743424 legend.py:1282] No handles with labels found to put in legend.

step 245000 , validation error 0.0818353
step 245000 , test error 0.0543249
[INFO] Current n-step prediction error (not used for gradient descent/backprop): 0.668598
step 250000 , validation error 0.0899598
step 250000 , test error 0.04848
[INFO] Current n-step prediction error (not used for gradient descent/backprop): 0.659699
step 255000 , validation error 0.0913782
step 255000 , test error 0.0492168
[INFO] Current n-step prediction error (not used for gradient descent/backprop): 0.535156
step 260000 , validation error 0.094335
step 260000 , test error 0.0500873
[INFO] Current n-step prediction error (not used for gradient descent/backprop): 0.510788
step 265000 , validation error 0.0970243
step 265000 , test error 0.0505213
[INFO] Current n-step prediction error (not used for gradient descent/backprop): 0.538107
step 270000 , validation error 0.0896675
step 270000 , test error 0.049821
[INFO] Current n-step prediction error (not used for gradient descent/backprop): 0.658907
step 275000 , validation error 0.0901796
step 275000 , test error 0.0495599
[INFO] Current n-step prediction error (not used for gradient descent/backprop): 0.553415
step 280000 , validation error 0.0831402
step 280000 , test error 0.048079
[INFO] Current n-step prediction error (not used for gradient descent/backprop): 0.668189
step 285000 , validation error 0.0877581
step 285000 , test error 0.0462547
[INFO] Current n-step prediction error (not used for gradient descent/backprop): 0.409221
step 290000 , validation error 0.0890784
step 290000 , test error 0.0521863
[INFO] Current n-step prediction error (not used for gradient descent/backprop): 0.678935
step 295000 , validation error 0.0901019
step 295000 , test error 0.0488338
[INFO] Current n-step prediction error (not used for gradient descent/backprop): 0.662135
step 300000 , validation error 0.0817074
step 300000 , test error 0.0497237
[INFO] Current n-step prediction error (not used for gradient descent/backprop): 0.666320
step 305000 , validation error 0.0897041
step 305000 , test error 0.0526393
[INFO] Current n-step prediction error (not used for gradient descent/backprop): 0.669701
step 310000 , validation error 0.0837429
step 310000 , test error 0.0505334
[INFO] Current n-step prediction error (not used for gradient descent/backprop): 0.551464
step 315000 , validation error 0.0878806
step 315000 , test error 0.0454688
[INFO] Current n-step prediction error (not used for gradient descent/backprop): 0.662880
step 320000 , validation error 0.0840434
step 320000 , test error 0.0449507
[INFO] Current n-step prediction error (not used for gradient descent/backprop): 0.449543
step 325000 , validation error 0.0853028
step 325000 , test error 0.0456884
[INFO] Current n-step prediction error (not used for gradient descent/backprop): 0.685105
step 330000 , validation error 0.0918075
step 330000 , test error 0.0518428
[INFO] Current n-step prediction error (not used for gradient descent/backprop): 0.543053
step 335000 , validation error 0.0852485
step 335000 , test error 0.048698
[INFO] Current n-step prediction error (not used for gradient descent/backprop): 0.674170
step 340000 , validation error 0.0855143
step 340000 , test error 0.046952
[INFO] Current n-step prediction error (not used for gradient descent/backprop): 0.675766
step 345000 , validation error 0.0905295
step 345000 , test error 0.0480627
[INFO] Current n-step prediction error (not used for gradient descent/backprop): 0.687418
step 350000 , validation error 0.0849502
step 350000 , test error 0.0460189
[INFO] Current n-step prediction error (not used for gradient descent/backprop): 0.370856
step 355000 , validation error 0.0878136
step 355000 , test error 0.0474085
[INFO] Current n-step prediction error (not used for gradient descent/backprop): 0.554428
step 360000 , validation error 0.088525
step 360000 , test error 0.0486092
[INFO] Current n-step prediction error (not used for gradient descent/backprop): 0.670629
step 365000 , validation error 0.0807072
step 365000 , test error 0.0505997
[INFO] Current n-step prediction error (not used for gradient descent/backprop): 0.676382
step 370000 , validation error 0.082193
step 370000 , test error 0.0463737
[INFO] Current n-step prediction error (not used for gradient descent/backprop): 0.691072
step 375000 , validation error 0.0902298
step 375000 , test error 0.0521395
[INFO] Current n-step prediction error (not used for gradient descent/backprop): 0.699625
step 380000 , validation error 0.0888346
step 380000 , test error 0.0557811
[INFO] Current n-step prediction error (not used for gradient descent/backprop): 0.673243
step 385000 , validation error 0.084673
step 385000 , test error 0.0467823
[INFO] Current n-step prediction error (not used for gradient descent/backprop): 0.689850
step 390000 , validation error 0.0838711
step 390000 , test error 0.053474
[INFO] Current n-step prediction error (not used for gradient descent/backprop): 0.461820
step 395000 , validation error 0.0782386
step 395000 , test error 0.0476928
[INFO] Current n-step prediction error (not used for gradient descent/backprop): 0.555304
step 400000 , validation error 0.0870689
step 400000 , test error 0.0491702
[INFO] Current n-step prediction error (not used for gradient descent/backprop): 0.664035
step 5000 , validation error 0.0816132
step 5000 , test error 0.0463897
[INFO] Current n-step prediction error (not used for gradient descent/backprop): 0.676217
step 10000 , validation error 0.0805438
step 10000 , test error 0.0427247
[INFO] Current n-step prediction error (not used for gradient descent/backprop): 0.669737
step 15000 , validation error 0.0829816
step 15000 , test error 0.0447752
[INFO] Current n-step prediction error (not used for gradient descent/backprop): 0.670020
step 20000 , validation error 0.0853029
step 20000 , test error 0.0431543
[INFO] Current n-step prediction error (not used for gradient descent/backprop): 0.669375
step 25000 , validation error 0.0855573
step 25000 , test error 0.0455851
[INFO] Current n-step prediction error (not used for gradient descent/backprop): 0.676282
step 30000 , validation error 0.0796374
step 30000 , test error 0.0478329
[INFO] Current n-step prediction error (not used for gradient descent/backprop): 0.678119
step 35000 , validation error 0.0839922
step 35000 , test error 0.0447131
[INFO] Current n-step prediction error (not used for gradient descent/backprop): 0.676817
step 40000 , validation error 0.0832137
step 40000 , test error 0.0414144
[INFO] Current n-step prediction error (not used for gradient descent/backprop): 0.669927
step 45000 , validation error 0.0871702
step 45000 , test error 0.047519
[INFO] Current n-step prediction error (not used for gradient descent/backprop): 0.675018
step 50000 , validation error 0.0828237
step 50000 , test error 0.0428872
[INFO] Current n-step prediction error (not used for gradient descent/backprop): 0.676446
step 55000 , validation error 0.0824829
step 55000 , test error 0.0476245
[INFO] Current n-step prediction error (not used for gradient descent/backprop): 0.678065
step 60000 , validation error 0.0827992
step 60000 , test error 0.0425042
[INFO] Current n-step prediction error (not used for gradient descent/backprop): 0.678124
step 65000 , validation error 0.0836949
step 65000 , test error 0.0459351
[INFO] Current n-step prediction error (not used for gradient descent/backprop): 0.678676
step 70000 , validation error 0.0876912
step 70000 , test error 0.0443202
[INFO] Current n-step prediction error (not used for gradient descent/backprop): 0.673060
step 75000 , validation error 0.077396
step 75000 , test error 0.0476091
[INFO] Current n-step prediction error (not used for gradient descent/backprop): 0.675032
step 80000 , validation error 0.0809448
step 80000 , test error 0.0449114
[INFO] Current n-step prediction error (not used for gradient descent/backprop): 0.675809
step 85000 , validation error 0.0797487
step 85000 , test error 0.0557458
[INFO] Current n-step prediction error (not used for gradient descent/backprop): 0.675455
step 90000 , validation error 0.0831748
step 90000 , test error 0.0425017
[INFO] Current n-step prediction error (not used for gradient descent/backprop): 0.677406W1208 19:53:09.052982 140218709743424 legend.py:1282] No handles with labels found to put in legend.
W1208 19:53:47.402835 140218709743424 legend.py:1282] No handles with labels found to put in legend.
W1208 19:54:25.314489 140218709743424 legend.py:1282] No handles with labels found to put in legend.
W1208 19:55:03.075992 140218709743424 legend.py:1282] No handles with labels found to put in legend.
W1208 19:55:41.083534 140218709743424 legend.py:1282] No handles with labels found to put in legend.
W1208 19:56:18.996452 140218709743424 legend.py:1282] No handles with labels found to put in legend.
W1208 19:56:56.049621 140218709743424 legend.py:1282] No handles with labels found to put in legend.
W1208 19:57:34.026265 140218709743424 legend.py:1282] No handles with labels found to put in legend.
W1208 19:58:11.742666 140218709743424 legend.py:1282] No handles with labels found to put in legend.
W1208 19:58:49.987178 140218709743424 legend.py:1282] No handles with labels found to put in legend.
W1208 19:59:27.988992 140218709743424 legend.py:1282] No handles with labels found to put in legend.
W1208 20:00:06.364453 140218709743424 legend.py:1282] No handles with labels found to put in legend.
W1208 20:00:44.698033 140218709743424 legend.py:1282] No handles with labels found to put in legend.
W1208 20:01:22.592501 140218709743424 legend.py:1282] No handles with labels found to put in legend.
W1208 20:02:01.000354 140218709743424 legend.py:1282] No handles with labels found to put in legend.
W1208 20:02:38.393921 140218709743424 legend.py:1282] No handles with labels found to put in legend.
W1208 20:03:15.856326 140218709743424 legend.py:1282] No handles with labels found to put in legend.
W1208 20:03:53.616438 140218709743424 legend.py:1282] No handles with labels found to put in legend.
W1208 20:04:31.479223 140218709743424 legend.py:1282] No handles with labels found to put in legend.
W1208 20:05:09.876593 140218709743424 legend.py:1282] No handles with labels found to put in legend.
W1208 20:05:47.439837 140218709743424 legend.py:1282] No handles with labels found to put in legend.
W1208 20:06:25.296136 140218709743424 legend.py:1282] No handles with labels found to put in legend.
W1208 20:07:02.427849 140218709743424 legend.py:1282] No handles with labels found to put in legend.
W1208 20:07:40.941571 140218709743424 legend.py:1282] No handles with labels found to put in legend.
W1208 20:08:18.627693 140218709743424 legend.py:1282] No handles with labels found to put in legend.
W1208 20:08:56.544025 140218709743424 legend.py:1282] No handles with labels found to put in legend.
W1208 20:09:35.105602 140218709743424 legend.py:1282] No handles with labels found to put in legend.
W1208 20:10:13.399177 140218709743424 legend.py:1282] No handles with labels found to put in legend.
W1208 20:10:51.060918 140218709743424 legend.py:1282] No handles with labels found to put in legend.
W1208 20:11:29.123291 140218709743424 legend.py:1282] No handles with labels found to put in legend.
W1208 20:12:06.954903 140218709743424 legend.py:1282] No handles with labels found to put in legend.
W1208 20:12:45.172592 140218709743424 legend.py:1282] No handles with labels found to put in legend.
W1208 20:13:23.370723 140218709743424 legend.py:1282] No handles with labels found to put in legend.
W1208 20:14:01.282994 140218709743424 legend.py:1282] No handles with labels found to put in legend.
W1208 20:14:38.792101 140218709743424 legend.py:1282] No handles with labels found to put in legend.
W1208 20:15:16.851205 140218709743424 legend.py:1282] No handles with labels found to put in legend.
W1208 20:15:54.391905 140218709743424 legend.py:1282] No handles with labels found to put in legend.
W1208 20:16:32.472993 140218709743424 legend.py:1282] No handles with labels found to put in legend.
W1208 20:17:09.974504 140218709743424 legend.py:1282] No handles with labels found to put in legend.
W1208 20:17:47.388823 140218709743424 legend.py:1282] No handles with labels found to put in legend.
W1208 20:18:25.421441 140218709743424 legend.py:1282] No handles with labels found to put in legend.
W1208 20:19:03.224420 140218709743424 legend.py:1282] No handles with labels found to put in legend.
W1208 20:19:40.845318 140218709743424 legend.py:1282] No handles with labels found to put in legend.
W1208 20:20:18.979021 140218709743424 legend.py:1282] No handles with labels found to put in legend.
W1208 20:20:56.758788 140218709743424 legend.py:1282] No handles with labels found to put in legend.
W1208 20:21:34.642262 140218709743424 legend.py:1282] No handles with labels found to put in legend.
W1208 20:22:12.633198 140218709743424 legend.py:1282] No handles with labels found to put in legend.
W1208 20:22:50.971674 140218709743424 legend.py:1282] No handles with labels found to put in legend.
W1208 20:23:28.828255 140218709743424 legend.py:1282] No handles with labels found to put in legend.
W1208 20:24:07.110430 140218709743424 legend.py:1282] No handles with labels found to put in legend.

step 95000 , validation error 0.087211
step 95000 , test error 0.0450129
[INFO] Current n-step prediction error (not used for gradient descent/backprop): 0.675344
step 100000 , validation error 0.0857043
step 100000 , test error 0.0414781
[INFO] Current n-step prediction error (not used for gradient descent/backprop): 0.674199
step 105000 , validation error 0.0815469
step 105000 , test error 0.044836
[INFO] Current n-step prediction error (not used for gradient descent/backprop): 0.674295
step 110000 , validation error 0.0810724
step 110000 , test error 0.0424225
[INFO] Current n-step prediction error (not used for gradient descent/backprop): 0.672982
step 115000 , validation error 0.0863659
step 115000 , test error 0.0416258
[INFO] Current n-step prediction error (not used for gradient descent/backprop): 0.674178
step 120000 , validation error 0.0839825
step 120000 , test error 0.0474557
[INFO] Current n-step prediction error (not used for gradient descent/backprop): 0.680037
step 125000 , validation error 0.0835018
step 125000 , test error 0.043989
[INFO] Current n-step prediction error (not used for gradient descent/backprop): 0.679135
step 130000 , validation error 0.0803744
step 130000 , test error 0.0454873
[INFO] Current n-step prediction error (not used for gradient descent/backprop): 0.674941
step 135000 , validation error 0.0867125
step 135000 , test error 0.04389
[INFO] Current n-step prediction error (not used for gradient descent/backprop): 0.679899
step 140000 , validation error 0.0845495
step 140000 , test error 0.0422811
[INFO] Current n-step prediction error (not used for gradient descent/backprop): 0.676513
step 145000 , validation error 0.0879112
step 145000 , test error 0.0489479
[INFO] Current n-step prediction error (not used for gradient descent/backprop): 0.679225
step 150000 , validation error 0.0837523
step 150000 , test error 0.0428555
[INFO] Current n-step prediction error (not used for gradient descent/backprop): 0.672633
step 155000 , validation error 0.0853972
step 155000 , test error 0.0450618
[INFO] Current n-step prediction error (not used for gradient descent/backprop): 0.680158
step 160000 , validation error 0.0846715
step 160000 , test error 0.0427939
[INFO] Current n-step prediction error (not used for gradient descent/backprop): 0.674568
step 165000 , validation error 0.0874846
step 165000 , test error 0.0426841
[INFO] Current n-step prediction error (not used for gradient descent/backprop): 0.682519
step 170000 , validation error 0.08371
step 170000 , test error 0.0438509
[INFO] Current n-step prediction error (not used for gradient descent/backprop): 0.680739
step 175000 , validation error 0.0831381
step 175000 , test error 0.0465232
[INFO] Current n-step prediction error (not used for gradient descent/backprop): 0.679825
step 180000 , validation error 0.081623
step 180000 , test error 0.0468816
[INFO] Current n-step prediction error (not used for gradient descent/backprop): 0.675981
step 185000 , validation error 0.0757839
step 185000 , test error 0.0422031
[INFO] Current n-step prediction error (not used for gradient descent/backprop): 0.679108
step 190000 , validation error 0.0803906
step 190000 , test error 0.045702
[INFO] Current n-step prediction error (not used for gradient descent/backprop): 0.674843
step 195000 , validation error 0.0773374
step 195000 , test error 0.0449176
[INFO] Current n-step prediction error (not used for gradient descent/backprop): 0.682489
step 200000 , validation error 0.0839913
step 200000 , test error 0.0439584
[INFO] Current n-step prediction error (not used for gradient descent/backprop): 0.680308
step 205000 , validation error 0.08369
step 205000 , test error 0.0453136
[INFO] Current n-step prediction error (not used for gradient descent/backprop): 0.669729
step 210000 , validation error 0.0848624
step 210000 , test error 0.0443367
[INFO] Current n-step prediction error (not used for gradient descent/backprop): 0.680273
step 215000 , validation error 0.0857739
step 215000 , test error 0.0468105
[INFO] Current n-step prediction error (not used for gradient descent/backprop): 0.676882
step 220000 , validation error 0.0837131
step 220000 , test error 0.0437687
[INFO] Current n-step prediction error (not used for gradient descent/backprop): 0.678289
step 225000 , validation error 0.0822332
step 225000 , test error 0.0445686
[INFO] Current n-step prediction error (not used for gradient descent/backprop): 0.678721
step 230000 , validation error 0.0800333
step 230000 , test error 0.0434043
[INFO] Current n-step prediction error (not used for gradient descent/backprop): 0.676073
step 235000 , validation error 0.0866286
step 235000 , test error 0.043999
[INFO] Current n-step prediction error (not used for gradient descent/backprop): 0.676893
step 240000 , validation error 0.0857218
step 240000 , test error 0.0425216
[INFO] Current n-step prediction error (not used for gradient descent/backprop): 0.678122
step 245000 , validation error 0.0817116
step 245000 , test error 0.0423884
[INFO] Current n-step prediction error (not used for gradient descent/backprop): 0.678125
step 250000 , validation error 0.0708984
step 250000 , test error 0.0448477
[INFO] Current n-step prediction error (not used for gradient descent/backprop): 0.676141
step 255000 , validation error 0.0765302
step 255000 , test error 0.0441052
[INFO] Current n-step prediction error (not used for gradient descent/backprop): 0.680721
step 260000 , validation error 0.0815049
step 260000 , test error 0.047991
[INFO] Current n-step prediction error (not used for gradient descent/backprop): 0.676832
step 265000 , validation error 0.0871496
step 265000 , test error 0.0467245
[INFO] Current n-step prediction error (not used for gradient descent/backprop): 0.676410
step 270000 , validation error 0.0828546
step 270000 , test error 0.0443459
[INFO] Current n-step prediction error (not used for gradient descent/backprop): 0.680383
step 275000 , validation error 0.0870719
step 275000 , test error 0.0433646
[INFO] Current n-step prediction error (not used for gradient descent/backprop): 0.682581
step 280000 , validation error 0.0861991
step 280000 , test error 0.0441671
[INFO] Current n-step prediction error (not used for gradient descent/backprop): 0.682444
step 285000 , validation error 0.0856284
step 285000 , test error 0.0388497
[INFO] Current n-step prediction error (not used for gradient descent/backprop): 0.684040
step 290000 , validation error 0.0854771
step 290000 , test error 0.0507009
[INFO] Current n-step prediction error (not used for gradient descent/backprop): 0.683349
step 295000 , validation error 0.0792836
step 295000 , test error 0.0462185
[INFO] Current n-step prediction error (not used for gradient descent/backprop): 0.677725
step 300000 , validation error 0.086173
step 300000 , test error 0.0439258
[INFO] Current n-step prediction error (not used for gradient descent/backprop): 0.680296
step 305000 , validation error 0.0836911
step 305000 , test error 0.0436456
[INFO] Current n-step prediction error (not used for gradient descent/backprop): 0.677109
step 310000 , validation error 0.0846358
step 310000 , test error 0.0403894
[INFO] Current n-step prediction error (not used for gradient descent/backprop): 0.683640
step 315000 , validation error 0.0747642
step 315000 , test error 0.0460394
[INFO] Current n-step prediction error (not used for gradient descent/backprop): 0.675056
step 320000 , validation error 0.0832087
step 320000 , test error 0.0458469
[INFO] Current n-step prediction error (not used for gradient descent/backprop): 0.684481
step 325000 , validation error 0.0828019
step 325000 , test error 0.0427841
[INFO] Current n-step prediction error (not used for gradient descent/backprop): 0.683847
step 330000 , validation error 0.087096
step 330000 , test error 0.0456806
[INFO] Current n-step prediction error (not used for gradient descent/backprop): 0.678247
step 335000 , validation error 0.0840131
step 335000 , test error 0.0423272
[INFO] Current n-step prediction error (not used for gradient descent/backprop): 0.684509
step 340000 , validation error 0.0857626
step 340000 , test error 0.0410057W1208 20:24:45.268127 140218709743424 legend.py:1282] No handles with labels found to put in legend.
W1208 20:25:23.426703 140218709743424 legend.py:1282] No handles with labels found to put in legend.
W1208 20:26:01.437696 140218709743424 legend.py:1282] No handles with labels found to put in legend.
W1208 20:26:39.578292 140218709743424 legend.py:1282] No handles with labels found to put in legend.
W1208 20:27:17.702256 140218709743424 legend.py:1282] No handles with labels found to put in legend.
W1208 20:27:55.539031 140218709743424 legend.py:1282] No handles with labels found to put in legend.
W1208 20:28:33.541404 140218709743424 legend.py:1282] No handles with labels found to put in legend.
W1208 20:29:11.300972 140218709743424 legend.py:1282] No handles with labels found to put in legend.
W1208 20:29:49.209051 140218709743424 legend.py:1282] No handles with labels found to put in legend.
W1208 20:30:27.474695 140218709743424 legend.py:1282] No handles with labels found to put in legend.
W1208 20:31:05.866938 140218709743424 legend.py:1282] No handles with labels found to put in legend.
W1208 20:31:43.723075 140218709743424 legend.py:1282] No handles with labels found to put in legend.

[INFO] Current n-step prediction error (not used for gradient descent/backprop): 0.683881
step 345000 , validation error 0.0862661
step 345000 , test error 0.0474473
[INFO] Current n-step prediction error (not used for gradient descent/backprop): 0.679297
step 350000 , validation error 0.0855295
step 350000 , test error 0.0415921
[INFO] Current n-step prediction error (not used for gradient descent/backprop): 0.678537
step 355000 , validation error 0.0823942
step 355000 , test error 0.0441171
[INFO] Current n-step prediction error (not used for gradient descent/backprop): 0.681099
step 360000 , validation error 0.0811355
step 360000 , test error 0.047422
[INFO] Current n-step prediction error (not used for gradient descent/backprop): 0.687021
step 365000 , validation error 0.0792953
step 365000 , test error 0.0459006
[INFO] Current n-step prediction error (not used for gradient descent/backprop): 0.678201
step 370000 , validation error 0.0754556
step 370000 , test error 0.0447575
[INFO] Current n-step prediction error (not used for gradient descent/backprop): 0.681318
step 375000 , validation error 0.0782985
step 375000 , test error 0.0466389
[INFO] Current n-step prediction error (not used for gradient descent/backprop): 0.683743
step 380000 , validation error 0.0868779
step 380000 , test error 0.0477619
[INFO] Current n-step prediction error (not used for gradient descent/backprop): 0.685235
step 385000 , validation error 0.0861404
step 385000 , test error 0.0435601
[INFO] Current n-step prediction error (not used for gradient descent/backprop): 0.683425
step 390000 , validation error 0.0831351
step 390000 , test error 0.0424966
[INFO] Current n-step prediction error (not used for gradient descent/backprop): 0.682744
step 395000 , validation error 0.0865213
step 395000 , test error 0.0458477
[INFO] Current n-step prediction error (not used for gradient descent/backprop): 0.679408
step 400000 , validation error 0.0753047
step 400000 , test error 0.0604995
[INFO] Initialization was successful: True
[INFO] Koopman_dim:(22, 22)
[COMP] Training error: 0.150197
[COMP] Test error: 0.733743
[RESULT] n-step Prediction error: 0.760595
[[-0.09  0.01  0.19 -0.11 -0.25 -0.19  0.32  0.31  0.12 -0.1   0.11 -0.05
  -0.24 -0.16 -0.26  0.15  0.23 -0.3   0.08 -0.19 -0.18 -0.19]
 [-0.11  0.01  0.05  0.18 -0.1   0.06 -0.25  0.29 -0.13 -0.47 -0.2  -0.02
  -0.03 -0.16 -0.12 -0.24 -0.21 -0.02  0.13 -0.26 -0.35 -0.09]
 [-0.6   0.05  0.57  0.19  0.15 -0.09 -0.1   0.    0.24 -0.15 -0.21  0.07
  -0.13  0.34 -0.09  0.   -0.5   0.   -0.03 -0.19  0.23  0.6 ]
 [-0.45  0.19  0.14 -0.01 -0.16 -0.35 -0.29  0.41 -0.29  0.4   0.15 -0.04
  -0.07 -0.35  0.06  0.01 -0.18 -0.12  0.17 -0.43  0.27  0.21]
 [-0.29 -0.34  0.03 -0.1   0.16  0.03 -0.27 -0.09 -0.12 -0.47  0.03  0.44
   0.02  0.06 -0.3   0.15 -0.38 -0.1   0.02  0.11  0.17 -0.28]
 [ 0.23 -0.39 -0.18  0.49  0.26 -0.06 -0.19  0.14 -0.19 -0.21 -0.22  0.05
   0.01  0.4  -0.11  0.2  -0.15  0.15 -0.    0.45 -0.02  0.26]
 [ 0.15 -0.38  0.03 -0.35  0.49  0.06  0.13 -0.11  0.04 -0.2  -0.05  0.01
  -0.13  0.19  0.34  0.23 -0.21  0.26 -0.42 -0.09  0.36 -0.52]
 [-0.38  0.12  0.09 -0.18  0.29 -0.32  0.45 -0.23 -0.01 -0.15  0.4  -0.03
   0.35  0.43 -0.11  0.08 -0.1   0.07 -0.24 -0.03  0.42 -0.29]
 [ 0.   -0.32  0.2  -0.05 -0.15  0.13 -0.01  0.22  0.2   0.35  0.24  0.28
   0.19 -0.03  0.07 -0.02  0.18 -0.24 -0.43 -0.1  -0.04 -0.24]
 [ 0.48 -0.3  -0.22  0.45 -0.06  0.25  0.07  0.2  -0.41 -0.15  0.13 -0.18
   0.27  0.32 -0.24  0.14  0.14 -0.2   0.16 -0.35 -0.29  0.1 ]
 [-0.06 -0.62  0.28 -0.33  0.21  0.12  0.36  0.31  0.34 -0.19  0.   -0.23
  -0.39 -0.04  0.05  0.03  0.06 -0.12 -0.4   0.22  0.11 -0.03]
 [-0.35 -0.04 -0.21  0.14 -0.05  0.5  -0.12  0.2   0.24  0.27  0.51  0.42
  -0.2   0.31 -0.34  0.27 -0.29  0.33 -0.21 -0.17  0.06 -0.05]
 [-0.03  0.22 -0.17  0.16  0.45  0.29 -0.02 -0.16 -0.08 -0.09 -0.23  0.15
  -0.28  0.1  -0.11  0.31  0.03 -0.   -0.01 -0.17 -0.14 -0.1 ]
 [-0.41  0.18  0.15  0.02 -0.11  0.41 -0.25  0.37  0.45 -0.31  0.26  0.19
  -0.03 -0.31 -0.07  0.01  0.02 -0.2   0.3   0.1  -0.05  0.26]
 [-0.06  0.04  0.17  0.06  0.07  0.01  0.02 -0.11 -0.09 -0.06 -0.23 -0.04
  -0.2   0.23 -0.36 -0.01 -0.19 -0.2   0.03 -0.04 -0.14 -0.08]
 [-0.09 -0.42 -0.09  0.35  0.16  0.06  0.07 -0.32 -0.27 -0.08 -0.34  0.05
   0.02 -0.28  0.28 -0.31  0.18  0.29  0.04 -0.3   0.1  -0.13]
 [ 0.66  0.   -0.07 -0.08 -0.    0.08 -0.16 -0.56  0.21  0.15 -0.19 -0.21
  -0.25 -0.12 -0.2   0.04 -0.06 -0.27  0.26  0.08 -0.31  0.03]
 [ 0.24 -0.47 -0.16 -0.4  -0.1  -0.1   0.16  0.27 -0.08 -0.48 -0.21  0.05
  -0.08  0.47  0.14 -0.13  0.21  0.04  0.27  0.1  -0.09 -0.15]
 [ 0.04  0.04 -0.41 -0.02  0.29 -0.1   0.13 -0.16  0.04 -0.5  -0.28  0.16
   0.04  0.38 -0.47  0.34  0.37 -0.32  0.23 -0.36  0.09 -0.44]
 [-0.02 -0.42 -0.24 -0.12  0.36  0.17  0.08 -0.33  0.32 -0.02 -0.13  0.3
   0.24  0.25 -0.09  0.26 -0.32 -0.07 -0.12 -0.1   0.   -0.3 ]
 [-0.54 -0.09  0.07  0.09  0.21 -0.47 -0.16 -0.17  0.34  0.15  0.24 -0.23
  -0.   -0.23  0.24  0.47  0.33  0.35 -0.14  0.16 -0.23  0.  ]
 [-0.49  0.11  0.36  0.39 -0.14 -0.32  0.4   0.16  0.06 -0.12  0.07 -0.17
   0.    0.18  0.01  0.18  0.05 -0.52  0.12 -0.07 -0.16  0.17]]
